0 info it worked if it ends with ok
1 verbose cli [ '/usr/local/Cellar/node/5.11.0/bin/node',
1 verbose cli   '/usr/local/bin/npm',
1 verbose cli   'start' ]
2 info using npm@3.8.6
3 info using node@v5.11.0
4 verbose run-script [ 'prestart', 'start', 'poststart' ]
5 info lifecycle Site@0.0.0~prestart: Site@0.0.0
6 silly lifecycle Site@0.0.0~prestart: no script for prestart, continuing
7 info lifecycle Site@0.0.0~start: Site@0.0.0
8 verbose lifecycle Site@0.0.0~start: unsafe-perm in lifecycle true
9 verbose lifecycle Site@0.0.0~start: PATH: /usr/local/lib/node_modules/npm/bin/node-gyp-bin:/Users/roussieau/site/node_modules/.bin:/usr/local/Cellar/node/5.11.0/bin:/usr/local/bin:/usr/bin:/bin:/usr/sbin:/sbin
10 verbose lifecycle Site@0.0.0~start: CWD: /Users/roussieau/site
11 silly lifecycle Site@0.0.0~start: Args: [ '-c', 'node ./bin/www' ]
12 verbose stack Error: write EPIPE
12 verbose stack     at exports._errnoException (util.js:893:11)
12 verbose stack     at WriteWrap.afterWrite (net.js:783:14)
13 verbose cwd /Users/roussieau/site
14 error Darwin 15.4.0
15 error argv "/usr/local/Cellar/node/5.11.0/bin/node" "/usr/local/bin/npm" "start"
16 error node v5.11.0
17 error npm  v3.8.6
18 error code EPIPE
19 error errno EPIPE
20 error syscall write
21 error write EPIPE
22 error If you need help, you may report this error at:
22 error     <https://github.com/npm/npm/issues>
23 verbose exit [ 1, true ]
